<?xml version="1.0" encoding="UTF-8"?>
<!-- Generated by org.testng.reporters.JUnitXMLReporter -->
<testsuite ignored="0" hostname="DESKTOP-VK7PP29" failures="0" tests="2" name="Default test" time="11.198" errors="0" timestamp="2023-03-17T10:16:35 IST">
  <testcase classname="com.amazon.qa.testcases.login" name="VerifyLoginWithVaildCredentials" time="7.242"/>
  <testcase classname="com.amazon.qa.testcases.login" name="verifyLoginWithInvalidCredentials" time="3.869"/>
</testsuite> <!-- Default test -->
