<?xml version="1.0" encoding="UTF-8"?>
<!-- Generated by org.testng.reporters.JUnitXMLReporter -->
<testsuite ignored="0" hostname="DESKTOP-VK7PP29" failures="0" tests="2" name="Default test" time="11.397" errors="0" timestamp="2023-03-17T10:27:51 IST">
  <testcase classname="com.amazon.qa.testcases.login" name="VerifyLoginWithVaildCredentials" time="7.302"/>
  <testcase classname="com.amazon.qa.testcases.login" name="verifyLoginWithInvalidCredentials" time="4.001"/>
</testsuite> <!-- Default test -->
